C:\Users\hust\Desktop\Daily\Daily\Daily\Daily\Debug\cl.command.1.tlog
C:\Users\hust\Desktop\Daily\Daily\Daily\Daily\Debug\CL.read.1.tlog
C:\Users\hust\Desktop\Daily\Daily\Daily\Daily\Debug\CL.write.1.tlog
C:\Users\hust\Desktop\Daily\Daily\Daily\Daily\Debug\Daily.exe.embed.manifest
C:\USERS\HUST\DESKTOP\DAILY\DAILY\DAILY\DAILY\DEBUG\DAILY.EXE.EMBED.MANIFEST.RES
C:\USERS\HUST\DESKTOP\DAILY\DAILY\DAILY\DAILY\DEBUG\DAILY.EXE.INTERMEDIATE.MANIFEST
C:\USERS\HUST\DESKTOP\DAILY\DAILY\DAILY\DAILY\DEBUG\DAILY.OBJ
C:\USERS\HUST\DESKTOP\DAILY\DAILY\DAILY\DAILY\DEBUG\DAILY.PCH
C:\USERS\HUST\DESKTOP\DAILY\DAILY\DAILY\DAILY\DEBUG\DAILY.RES
C:\Users\hust\Desktop\Daily\Daily\Daily\Daily\Debug\Daily_manifest.rc
C:\USERS\HUST\DESKTOP\DAILY\DAILY\DAILY\DAILY\DEBUG\DAILYDLG.OBJ
C:\USERS\HUST\DESKTOP\DAILY\DAILY\DAILY\DAILY\DEBUG\EDITDIARYDLG.OBJ
C:\USERS\HUST\DESKTOP\DAILY\DAILY\DAILY\DAILY\DEBUG\HELPDLG.OBJ
C:\Users\hust\Desktop\Daily\Daily\Daily\Daily\Debug\link.2936.read.1.tlog
C:\Users\hust\Desktop\Daily\Daily\Daily\Daily\Debug\link.2936.write.1.tlog
C:\Users\hust\Desktop\Daily\Daily\Daily\Daily\Debug\link.2936-cvtres.read.1.tlog
C:\Users\hust\Desktop\Daily\Daily\Daily\Daily\Debug\link.2936-cvtres.write.1.tlog
C:\Users\hust\Desktop\Daily\Daily\Daily\Daily\Debug\link.4964.read.1.tlog
C:\Users\hust\Desktop\Daily\Daily\Daily\Daily\Debug\link.4964.write.1.tlog
C:\Users\hust\Desktop\Daily\Daily\Daily\Daily\Debug\link.4964-cvtres.read.1.tlog
C:\Users\hust\Desktop\Daily\Daily\Daily\Daily\Debug\link.4964-cvtres.write.1.tlog
C:\Users\hust\Desktop\Daily\Daily\Daily\Daily\Debug\link.6196.read.1.tlog
C:\Users\hust\Desktop\Daily\Daily\Daily\Daily\Debug\link.6196.write.1.tlog
C:\Users\hust\Desktop\Daily\Daily\Daily\Daily\Debug\link.6196-cvtres.read.1.tlog
C:\Users\hust\Desktop\Daily\Daily\Daily\Daily\Debug\link.6196-cvtres.write.1.tlog
C:\Users\hust\Desktop\Daily\Daily\Daily\Daily\Debug\link.6820.read.1.tlog
C:\Users\hust\Desktop\Daily\Daily\Daily\Daily\Debug\link.6820.write.1.tlog
C:\Users\hust\Desktop\Daily\Daily\Daily\Daily\Debug\link.6820-cvtres.read.1.tlog
C:\Users\hust\Desktop\Daily\Daily\Daily\Daily\Debug\link.6820-cvtres.write.1.tlog
C:\Users\hust\Desktop\Daily\Daily\Daily\Daily\Debug\link.7444.read.1.tlog
C:\Users\hust\Desktop\Daily\Daily\Daily\Daily\Debug\link.7444.write.1.tlog
C:\Users\hust\Desktop\Daily\Daily\Daily\Daily\Debug\link.7444-cvtres.read.1.tlog
C:\Users\hust\Desktop\Daily\Daily\Daily\Daily\Debug\link.7444-cvtres.write.1.tlog
C:\Users\hust\Desktop\Daily\Daily\Daily\Daily\Debug\link.8912.read.1.tlog
C:\Users\hust\Desktop\Daily\Daily\Daily\Daily\Debug\link.8912.write.1.tlog
C:\Users\hust\Desktop\Daily\Daily\Daily\Daily\Debug\link.8912-cvtres.read.1.tlog
C:\Users\hust\Desktop\Daily\Daily\Daily\Daily\Debug\link.8912-cvtres.write.1.tlog
C:\Users\hust\Desktop\Daily\Daily\Daily\Daily\Debug\link.9232.read.1.tlog
C:\Users\hust\Desktop\Daily\Daily\Daily\Daily\Debug\link.9232.write.1.tlog
C:\Users\hust\Desktop\Daily\Daily\Daily\Daily\Debug\link.9232-cvtres.read.1.tlog
C:\Users\hust\Desktop\Daily\Daily\Daily\Daily\Debug\link.9232-cvtres.write.1.tlog
C:\Users\hust\Desktop\Daily\Daily\Daily\Daily\Debug\link.9716.read.1.tlog
C:\Users\hust\Desktop\Daily\Daily\Daily\Daily\Debug\link.9716.write.1.tlog
C:\Users\hust\Desktop\Daily\Daily\Daily\Daily\Debug\link.9716-cvtres.read.1.tlog
C:\Users\hust\Desktop\Daily\Daily\Daily\Daily\Debug\link.9716-cvtres.write.1.tlog
C:\Users\hust\Desktop\Daily\Daily\Daily\Daily\Debug\link.command.1.tlog
C:\Users\hust\Desktop\Daily\Daily\Daily\Daily\Debug\link.read.1.tlog
C:\Users\hust\Desktop\Daily\Daily\Daily\Daily\Debug\link.write.1.tlog
C:\Users\hust\Desktop\Daily\Daily\Daily\Daily\Debug\link-cvtres.read.1.tlog
C:\Users\hust\Desktop\Daily\Daily\Daily\Daily\Debug\link-cvtres.write.1.tlog
C:\Users\hust\Desktop\Daily\Daily\Daily\Daily\Debug\mt.command.1.tlog
C:\Users\hust\Desktop\Daily\Daily\Daily\Daily\Debug\mt.read.1.tlog
C:\Users\hust\Desktop\Daily\Daily\Daily\Daily\Debug\mt.write.1.tlog
C:\USERS\HUST\DESKTOP\DAILY\DAILY\DAILY\DAILY\DEBUG\MUSICDLG.OBJ
C:\Users\hust\Desktop\Daily\Daily\Daily\Daily\Debug\rc.command.1.tlog
C:\Users\hust\Desktop\Daily\Daily\Daily\Daily\Debug\rc.read.1.tlog
C:\Users\hust\Desktop\Daily\Daily\Daily\Daily\Debug\rc.write.1.tlog
C:\USERS\HUST\DESKTOP\DAILY\DAILY\DAILY\DAILY\DEBUG\RIJIDLG.OBJ
C:\USERS\HUST\DESKTOP\DAILY\DAILY\DAILY\DAILY\DEBUG\SCHEDULEDLG.OBJ
C:\USERS\HUST\DESKTOP\DAILY\DAILY\DAILY\DAILY\DEBUG\STDAFX.OBJ
C:\Users\hust\Desktop\Daily\Daily\Daily\Daily\Debug\vc100.idb
C:\USERS\HUST\DESKTOP\DAILY\DAILY\DAILY\DAILY\DEBUG\VC100.PDB
C:\USERS\HUST\DESKTOP\DAILY\DAILY\DAILY\DEBUG\DAILY.EXE
C:\USERS\HUST\DESKTOP\DAILY\DAILY\DAILY\DEBUG\DAILY.EXE.EMBED.MANIFEST.RES
C:\USERS\HUST\DESKTOP\DAILY\DAILY\DAILY\DEBUG\DAILY.EXE.INTERMEDIATE.MANIFEST
C:\USERS\HUST\DESKTOP\DAILY\DAILY\DAILY\DEBUG\DAILY.ILK
C:\USERS\HUST\DESKTOP\DAILY\DAILY\DAILY\DEBUG\DAILY.OBJ
C:\USERS\HUST\DESKTOP\DAILY\DAILY\DAILY\DEBUG\DAILY.PCH
C:\USERS\HUST\DESKTOP\DAILY\DAILY\DAILY\DEBUG\DAILY.PDB
C:\USERS\HUST\DESKTOP\DAILY\DAILY\DAILY\DEBUG\DAILY.RES
C:\USERS\HUST\DESKTOP\DAILY\DAILY\DAILY\DEBUG\DAILYDLG.OBJ
C:\USERS\HUST\DESKTOP\DAILY\DAILY\DAILY\DEBUG\EDITDIARYDLG.OBJ
C:\USERS\HUST\DESKTOP\DAILY\DAILY\DAILY\DEBUG\MUSICDLG.OBJ
C:\USERS\HUST\DESKTOP\DAILY\DAILY\DAILY\DEBUG\RIJIDLG.OBJ
C:\USERS\HUST\DESKTOP\DAILY\DAILY\DAILY\DEBUG\STDAFX.OBJ
C:\USERS\HUST\DESKTOP\DAILY\DAILY\DAILY\DEBUG\VC100.PDB
C:\USERS\HUST\DESKTOP\DAILY\DAILY\DEBUG\DAILY.EXE
C:\USERS\HUST\DESKTOP\DAILY\DAILY\DEBUG\DAILY.ILK
C:\USERS\HUST\DESKTOP\DAILY\DAILY\DEBUG\DAILY.PDB
C:\USERS\HUST\DOCUMENTS\VISUAL STUDIO 2010\PROJECTS\DAILY\DAILY\DEBUG\DAILY.EXE.EMBED.MANIFEST
C:\USERS\HUST\DOCUMENTS\VISUAL STUDIO 2010\PROJECTS\DAILY\DAILY\DEBUG\DAILY.EXE.EMBED.MANIFEST.RES
C:\USERS\HUST\DOCUMENTS\VISUAL STUDIO 2010\PROJECTS\DAILY\DAILY\DEBUG\DAILY.EXE.INTERMEDIATE.MANIFEST
C:\USERS\HUST\DOCUMENTS\VISUAL STUDIO 2010\PROJECTS\DAILY\DAILY\DEBUG\DAILY.OBJ
C:\USERS\HUST\DOCUMENTS\VISUAL STUDIO 2010\PROJECTS\DAILY\DAILY\DEBUG\DAILY.PCH
C:\USERS\HUST\DOCUMENTS\VISUAL STUDIO 2010\PROJECTS\DAILY\DAILY\DEBUG\DAILY.RES
C:\USERS\HUST\DOCUMENTS\VISUAL STUDIO 2010\PROJECTS\DAILY\DAILY\DEBUG\DAILYDLG.OBJ
C:\USERS\HUST\DOCUMENTS\VISUAL STUDIO 2010\PROJECTS\DAILY\DAILY\DEBUG\STDAFX.OBJ
C:\USERS\HUST\DOCUMENTS\VISUAL STUDIO 2010\PROJECTS\DAILY\DAILY\DEBUG\VC100.PDB
C:\USERS\HUST\DOCUMENTS\VISUAL STUDIO 2010\PROJECTS\DAILY\DEBUG\DAILY.EXE
C:\USERS\HUST\DOCUMENTS\VISUAL STUDIO 2010\PROJECTS\DAILY\DEBUG\DAILY.ILK
C:\USERS\HUST\DOCUMENTS\VISUAL STUDIO 2010\PROJECTS\DAILY\DEBUG\DAILY.PDB
